<?xml version="1.0" encoding="UTF-8"?>
<testng-results skipped="0" failed="0" ignored="0" total="3" passed="3">
  <reporter-output>
  </reporter-output>
  <suite name="Suite" duration-ms="1679" started-at="2021-10-02T03:08:21Z" finished-at="2021-10-02T03:08:23Z">
    <groups>
    </groups>
    <test name="Test" duration-ms="1679" started-at="2021-10-02T03:08:21Z" finished-at="2021-10-02T03:08:23Z">
      <class name="com.tests.LoginPageTest">
        <test-method status="PASS" signature="Setup()[pri:0, instance:com.tests.LoginPageTest@4e9ba398]" name="Setup" is-config="true" duration-ms="5416" started-at="2021-10-02T08:38:16Z" finished-at="2021-10-02T08:38:21Z">
          <reporter-output>
          </reporter-output>
        </test-method> <!-- Setup -->
        <test-method status="PASS" signature="test01()[pri:0, instance:com.tests.LoginPageTest@4e9ba398]" name="test01" duration-ms="1192" started-at="2021-10-02T08:38:22Z" finished-at="2021-10-02T08:38:23Z">
          <reporter-output>
          </reporter-output>
        </test-method> <!-- test01 -->
      </class> <!-- com.tests.LoginPageTest -->
      <class name="com.tests.DashboardPageTest">
        <test-method status="PASS" signature="test02()[pri:0, instance:com.tests.DashboardPageTest@6d7b4f4c]" name="test02" duration-ms="101" started-at="2021-10-02T08:38:23Z" finished-at="2021-10-02T08:38:23Z">
          <reporter-output>
          </reporter-output>
        </test-method> <!-- test02 -->
        <test-method status="PASS" signature="test03()[pri:0, instance:com.tests.DashboardPageTest@6d7b4f4c]" name="test03" duration-ms="327" started-at="2021-10-02T08:38:23Z" finished-at="2021-10-02T08:38:23Z">
          <reporter-output>
          </reporter-output>
        </test-method> <!-- test03 -->
      </class> <!-- com.tests.DashboardPageTest -->
    </test> <!-- Test -->
  </suite> <!-- Suite -->
</testng-results>
