<?xml version="1.0" encoding="UTF-8"?>
<!-- Generated by org.testng.reporters.JUnitXMLReporter -->
<testsuite hostname="Sai" ignored="0" name="Test" tests="3" failures="0" timestamp="02 Oct 2021 03:08:23 GMT" time="1.679" errors="0">
  <testcase name="test01" time="1.192" classname="com.tests.LoginPageTest"/>
  <testcase name="test02" time="0.101" classname="com.tests.DashboardPageTest"/>
  <testcase name="test03" time="0.327" classname="com.tests.DashboardPageTest"/>
</testsuite> <!-- Test -->
