<?xml version="1.0" encoding="UTF-8"?>
<testsuite xmlns:xsi="http://www.w3.org/2001/XMLSchema-instance" xsi:noNamespaceSchemaLocation="https://maven.apache.org/surefire/maven-surefire-plugin/xsd/surefire-test-report-3.0.xsd" version="3.0" name="TestSuite" time="69.01" tests="3" errors="0" skipped="0" failures="2">
  <properties>
[...]
</properties>
  <testcase name="test02" classname="com.tests.DashboardPageTest" time="0.108">
    <failure type="java.lang.NullPointerException"><![CDATA[java.lang.NullPointerException
	at com.tests.DashboardPageTest.test02(DashboardPageTest.java:28)
]]></failure>
    <system-out><![CDATA[10-24-2021 09:02:30 LoginPageTest.java WARN  [main] tests.DemoTest 27 - user should use valid driver file
10-24-2021 09:02:30 LoginPageTest.java INFO  [main] tests.DemoTest 28 - opening a new chrome browser
]]></system-out>
    <system-err><![CDATA[Starting ChromeDriver 92.0.4515.107 (87a818b10553a07434ea9e2b6dccf3cbe7895134-refs/branch-heads/4515@{#1634}) on port 11634
Only local connections are allowed.
Please see https://chromedriver.chromium.org/security-considerations for suggestions on keeping ChromeDriver safe.
ChromeDriver was started successfully.
Oct 24, 2021 9:03:30 AM org.openqa.selenium.remote.ProtocolHandshake createSession
INFO: Detected dialect: W3C
]]></system-err>
  </testcase>
  <testcase name="test03" classname="com.tests.DashboardPageTest" time="0">
    <failure type="java.lang.NullPointerException"><![CDATA[java.lang.NullPointerException
	at com.tests.DashboardPageTest.test03(DashboardPageTest.java:32)
]]></failure>
  </testcase>
  <testcase name="test01" classname="com.tests.LoginPageTest" time="2.098"/>
</testsuite>